<?xml version="1.0" encoding="UTF-8"?>
<!-- Generated by org.testng.reporters.JUnitReportReporter -->
<testsuite skipped="0" hostname="DESKTOP-790Q91J" name="com.testng.Testng" tests="2" failures="0" timestamp="2019-10-23T10:59:25 IST" time="35.685" errors="0">
  <testcase name="demoL" time="14.106" classname="com.testng.Testng"/>
  <testcase name="demoM" time="21.579" classname="com.testng.Testng"/>
</testsuite> <!-- com.testng.Testng -->
