<?xml version="1.0" encoding="UTF-8"?>
<!-- Generated by org.testng.reporters.JUnitReportReporter -->
<testsuite skipped="0" hostname="DESKTOP-790Q91J" name="com.parlaleducation.P1" tests="1" failures="0" timestamp="2019-10-24T12:40:18 IST" time="6.067" errors="0">
  <testcase name="testParameterWithXml" time="6.067" classname="com.parlaleducation.P1"/>
</testsuite> <!-- com.parlaleducation.P1 -->
