<?xml version="1.0" encoding="UTF-8"?>
<!-- Generated by org.testng.reporters.JUnitReportReporter -->
<testsuite skipped="0" hostname="DESKTOP-790Q91J" name="com.testng.DemoTestng" tests="2" failures="0" timestamp="2019-10-23T11:58:04 IST" time="52.522" errors="0">
  <testcase name="demoM1" time="18.429" classname="com.testng.DemoTestng"/>
  <testcase name="demoM" time="34.093" classname="com.testng.DemoTestng"/>
</testsuite> <!-- com.testng.DemoTestng -->
