<?xml version="1.0" encoding="UTF-8"?>
<!-- Generated by org.testng.reporters.JUnitReportReporter -->
<testsuite skipped="0" hostname="DESKTOP-790Q91J" name="com.testng.DataProviderDemo" tests="3" failures="0" timestamp="2019-10-23T16:51:11 IST" time="0.032" errors="0">
  <testcase name="createUser" time="0.016" classname="com.testng.DataProviderDemo"/>
  <testcase name="createUser" time="0.016" classname="com.testng.DataProviderDemo"/>
  <testcase name="createUser" time="0.000" classname="com.testng.DataProviderDemo"/>
</testsuite> <!-- com.testng.DataProviderDemo -->
