<?xml version="1.0" encoding="UTF-8"?>
<!-- Generated by org.testng.reporters.JUnitReportReporter -->
<testsuite skipped="0" hostname="DESKTOP-790Q91J" name="com.testng.Gmail1" tests="2" failures="0" timestamp="2019-10-23T15:49:11 IST" time="0.016" errors="0">
  <testcase name="test2" time="0.000" classname="com.testng.Gmail1"/>
  <testcase name="test1" time="0.016" classname="com.testng.Gmail1"/>
</testsuite> <!-- com.testng.Gmail1 -->
